Failed to send telemetry event ClientStartEvent: capture() takes 1 positional argument but 3 were given
Failed to send telemetry event ClientCreateCollectionEvent: capture() takes 1 positional argument but 3 were given
Failed to send telemetry event CollectionAddEvent: capture() takes 1 positional argument but 3 were given
2025-11-28 23:59:51,721 - __main__ - INFO - 🤖 KaroBuddy is starting...
2025-11-28 23:59:52,204 - httpx - INFO - HTTP Request: POST https://api.telegram.org/bot8531344554:AAEHxqTKXIbvWRwke7zMySXxPn1F7PEmjz0/getMe "HTTP/1.1 200 OK"
2025-11-28 23:59:52,352 - httpx - INFO - HTTP Request: POST https://api.telegram.org/bot8531344554:AAEHxqTKXIbvWRwke7zMySXxPn1F7PEmjz0/deleteWebhook "HTTP/1.1 200 OK"
2025-11-28 23:59:52,353 - telegram.ext.Application - INFO - Application started
2025-11-29 00:00:02,845 - httpx - INFO - HTTP Request: POST https://api.telegram.org/bot8531344554:AAEHxqTKXIbvWRwke7zMySXxPn1F7PEmjz0/getUpdates "HTTP/1.1 200 OK"
2025-11-29 00:00:13,004 - httpx - INFO - HTTP Request: POST https://api.telegram.org/bot8531344554:AAEHxqTKXIbvWRwke7zMySXxPn1F7PEmjz0/getUpdates "HTTP/1.1 200 OK"
2025-11-29 00:00:23,155 - httpx - INFO - HTTP Request: POST https://api.telegram.org/bot8531344554:AAEHxqTKXIbvWRwke7zMySXxPn1F7PEmjz0/getUpdates "HTTP/1.1 200 OK"
2025-11-29 00:00:33,304 - httpx - INFO - HTTP Request: POST https://api.telegram.org/bot8531344554:AAEHxqTKXIbvWRwke7zMySXxPn1F7PEmjz0/getUpdates "HTTP/1.1 200 OK"
============================================================
🤖 KaroBuddy Financial Advisor Bot - Multi-Language Version
============================================================
✅ Bot is running and ready to help!
📱 Open Telegram and start chatting with your bot

🌐 LANGUAGE SUPPORT:
   • English (en)
   • हिंदी / Hindi (hi)

🎯 FEATURES:
   • Multi-language interface
   • Goal-based financial planning
   • Risk-based investment recommendations
   • Comprehensive stock analysis
   • Enhanced UI with better navigation

🛑 Press Ctrl+C to stop the bot
============================================================
